2021-06-23T17:27:03.886204-00:00 0 [System] [MY-013169] [Server] /usr/sbin/mysqld (mysqld 8.0.25) initializing of server in progress as process 43
2021-06-23T17:27:03.894814-00:00 0 [Warning] [MY-010159] [Server] Setting lower_case_table_names=2 because file system for /var/lib/mysql/ is case insensitive
2021-06-23T17:27:03.908663-00:00 1 [System] [MY-013576] [InnoDB] InnoDB initialization has started.
2021-06-23T17:27:06.266090-00:00 1 [System] [MY-013577] [InnoDB] InnoDB initialization has ended.
2021-06-23T17:27:09.786950-00:00 6 [Warning] [MY-010453] [Server] root@localhost is created with an empty password ! Please consider switching off the --initialize-insecure option.
2021-06-23T17:27:17.133976-00:00 0 [System] [MY-010116] [Server] /usr/sbin/mysqld (mysqld 8.0.25) starting as process 88
2021-06-23T17:27:17.142263-00:00 0 [Warning] [MY-010159] [Server] Setting lower_case_table_names=2 because file system for /var/lib/mysql/ is case insensitive
2021-06-23T17:27:17.162511-00:00 1 [System] [MY-013576] [InnoDB] InnoDB initialization has started.
2021-06-23T17:27:17.860005-00:00 1 [System] [MY-013577] [InnoDB] InnoDB initialization has ended.
2021-06-23T17:27:18.204348-00:00 0 [System] [MY-011323] [Server] X Plugin ready for connections. Socket: /var/run/mysqld/mysqlx.sock
2021-06-23T17:27:18.411682-00:00 0 [Warning] [MY-010068] [Server] CA certificate ca.pem is self signed.
2021-06-23T17:27:18.412236-00:00 0 [System] [MY-013602] [Server] Channel mysql_main configured to support TLS. Encrypted connections are now supported for this channel.
2021-06-23T17:27:18.424070-00:00 0 [Warning] [MY-011810] [Server] Insecure configuration for --pid-file: Location '/var/run/mysqld' in the path is accessible to all OS users. Consider choosing a different directory.
2021-06-23T17:27:18.456754-00:00 0 [System] [MY-010931] [Server] /usr/sbin/mysqld: ready for connections. Version: '8.0.25'  socket: '/var/run/mysqld/mysqld.sock'  port: 0  MySQL Community Server - GPL.
2021-06-23T17:27:24.286717-00:00 13 [System] [MY-013172] [Server] Received SHUTDOWN from user root. Shutting down mysqld (Version: 8.0.25).
2021-06-23T17:27:26.648760-00:00 0 [System] [MY-010910] [Server] /usr/sbin/mysqld: Shutdown complete (mysqld 8.0.25)  MySQL Community Server - GPL.
2021-06-23T17:27:27.534872-00:00 0 [System] [MY-010116] [Server] /usr/sbin/mysqld (mysqld 8.0.25) starting as process 1
2021-06-23T17:27:27.542463-00:00 0 [Warning] [MY-010159] [Server] Setting lower_case_table_names=2 because file system for /var/lib/mysql/ is case insensitive
2021-06-23T17:27:27.557936-00:00 1 [System] [MY-013576] [InnoDB] InnoDB initialization has started.
2021-06-23T17:27:28.403981-00:00 1 [System] [MY-013577] [InnoDB] InnoDB initialization has ended.
2021-06-23T17:27:28.570644-00:00 0 [System] [MY-011323] [Server] X Plugin ready for connections. Bind-address: '::' port: 33060, socket: /var/run/mysqld/mysqlx.sock
2021-06-23T17:27:28.785699-00:00 0 [Warning] [MY-010068] [Server] CA certificate ca.pem is self signed.
2021-06-23T17:27:28.786253-00:00 0 [System] [MY-013602] [Server] Channel mysql_main configured to support TLS. Encrypted connections are now supported for this channel.
2021-06-23T17:27:28.798470-00:00 0 [Warning] [MY-011810] [Server] Insecure configuration for --pid-file: Location '/var/run/mysqld' in the path is accessible to all OS users. Consider choosing a different directory.
2021-06-23T17:27:28.833381-00:00 0 [System] [MY-010931] [Server] /usr/sbin/mysqld: ready for connections. Version: '8.0.25'  socket: '/var/run/mysqld/mysqld.sock'  port: 3306  MySQL Community Server - GPL.
2021-06-24T12:03:50.033333-00:00 0 [System] [MY-013172] [Server] Received SHUTDOWN from user <via user signal>. Shutting down mysqld (Version: 8.0.25).
2021-06-24T12:03:52.102427-00:00 0 [System] [MY-010910] [Server] /usr/sbin/mysqld: Shutdown complete (mysqld 8.0.25)  MySQL Community Server - GPL.
2021-06-24T12:09:41.654468-00:00 0 [System] [MY-010116] [Server] /usr/sbin/mysqld (mysqld 8.0.25) starting as process 1
2021-06-24T12:09:41.664396-00:00 0 [Warning] [MY-010159] [Server] Setting lower_case_table_names=2 because file system for /var/lib/mysql/ is case insensitive
2021-06-24T12:09:41.759109-00:00 1 [System] [MY-013576] [InnoDB] InnoDB initialization has started.
2021-06-24T12:09:43.400244-00:00 1 [System] [MY-013577] [InnoDB] InnoDB initialization has ended.
2021-06-24T12:09:44.102111-00:00 0 [System] [MY-011323] [Server] X Plugin ready for connections. Bind-address: '::' port: 33060, socket: /var/run/mysqld/mysqlx.sock
2021-06-24T12:09:44.636477-00:00 0 [Warning] [MY-010068] [Server] CA certificate ca.pem is self signed.
2021-06-24T12:09:44.637195-00:00 0 [System] [MY-013602] [Server] Channel mysql_main configured to support TLS. Encrypted connections are now supported for this channel.
2021-06-24T12:09:44.654470-00:00 0 [Warning] [MY-011810] [Server] Insecure configuration for --pid-file: Location '/var/run/mysqld' in the path is accessible to all OS users. Consider choosing a different directory.
2021-06-24T12:09:44.752585-00:00 0 [System] [MY-010931] [Server] /usr/sbin/mysqld: ready for connections. Version: '8.0.25'  socket: '/var/run/mysqld/mysqld.sock'  port: 3306  MySQL Community Server - GPL.
2021-06-24T12:10:33.816715-00:00 0 [System] [MY-013172] [Server] Received SHUTDOWN from user <via user signal>. Shutting down mysqld (Version: 8.0.25).
2021-06-24T12:10:34.623488-00:00 0 [System] [MY-010910] [Server] /usr/sbin/mysqld: Shutdown complete (mysqld 8.0.25)  MySQL Community Server - GPL.
2021-06-24T12:11:44.445013-00:00 0 [System] [MY-010116] [Server] /usr/sbin/mysqld (mysqld 8.0.25) starting as process 1
2021-06-24T12:11:44.543245-00:00 0 [Warning] [MY-010159] [Server] Setting lower_case_table_names=2 because file system for /var/lib/mysql/ is case insensitive
2021-06-24T12:11:44.583249-00:00 1 [System] [MY-013576] [InnoDB] InnoDB initialization has started.
2021-06-24T12:11:46.220629-00:00 1 [System] [MY-013577] [InnoDB] InnoDB initialization has ended.
2021-06-24T12:11:46.592378-00:00 0 [System] [MY-011323] [Server] X Plugin ready for connections. Bind-address: '::' port: 33060, socket: /var/run/mysqld/mysqlx.sock
2021-06-24T12:11:46.788938-00:00 0 [Warning] [MY-010068] [Server] CA certificate ca.pem is self signed.
2021-06-24T12:11:46.789718-00:00 0 [System] [MY-013602] [Server] Channel mysql_main configured to support TLS. Encrypted connections are now supported for this channel.
2021-06-24T12:11:46.804108-00:00 0 [Warning] [MY-011810] [Server] Insecure configuration for --pid-file: Location '/var/run/mysqld' in the path is accessible to all OS users. Consider choosing a different directory.
2021-06-24T12:11:46.875135-00:00 0 [System] [MY-010931] [Server] /usr/sbin/mysqld: ready for connections. Version: '8.0.25'  socket: '/var/run/mysqld/mysqld.sock'  port: 3306  MySQL Community Server - GPL.
2021-06-24T12:35:43.932414-00:00 0 [System] [MY-013172] [Server] Received SHUTDOWN from user <via user signal>. Shutting down mysqld (Version: 8.0.25).
2021-06-24T12:35:45.511055-00:00 0 [System] [MY-010910] [Server] /usr/sbin/mysqld: Shutdown complete (mysqld 8.0.25)  MySQL Community Server - GPL.
